<?xml version="1.0" encoding="UTF-8"?>
<!-- Generated by org.testng.reporters.JUnitXMLReporter -->
<testsuite ignored="0" hostname="Shika-Laptop" failures="0" tests="4" name="TestNG" time="37.102" errors="0" timestamp="2023-06-21T12:43:41 EDT">
  <testcase classname="testLayer.Logintest" name="Title" time="0.021"/>
  <testcase classname="testLayer.Logintest" name="Login" time="3.096"/>
  <testcase classname="testLayer.Logintest" name="Login" time="3.081"/>
  <testcase classname="testLayer.Logintest" name="Login" time="3.079"/>
</testsuite> <!-- TestNG -->
