<?xml version="1.0" encoding="UTF-8"?>
<!-- Generated by org.testng.reporters.JUnitXMLReporter -->
<testsuite ignored="0" hostname="Shika-Laptop" failures="0" tests="4" name="Default test" time="29.012" errors="0" timestamp="2023-06-21T13:02:54 EDT">
  <testcase classname="testLayer.Logintest" name="Title" time="0.012"/>
  <testcase classname="testLayer.Logintest" name="Login" time="3.101"/>
  <testcase classname="testLayer.Logintest" name="Login" time="3.08"/>
  <testcase classname="testLayer.Logintest" name="Login" time="3.098"/>
</testsuite> <!-- Default test -->
