<?xml version="1.0" encoding="UTF-8"?>
<testng-results ignored="0" total="4" passed="4" failed="0" skipped="0">
  <reporter-output>
  </reporter-output>
  <suite started-at="2023-06-21T13:02:25 EDT" name="Default suite" finished-at="2023-06-21T13:02:54 EDT" duration-ms="29012">
    <groups>
    </groups>
    <test started-at="2023-06-21T13:02:25 EDT" name="Default test" finished-at="2023-06-21T13:02:54 EDT" duration-ms="29012">
      <class name="testLayer.Logintest">
        <test-method is-config="true" signature="initsetup()[pri:0, instance:testLayer.Logintest@3270d194]" started-at="2023-06-21T13:02:25 EDT" name="initsetup" finished-at="2023-06-21T13:02:31 EDT" duration-ms="5803" status="PASS">
          <reporter-output>
          </reporter-output>
        </test-method> <!-- initsetup -->
        <test-method signature="Title()[pri:1, instance:testLayer.Logintest@3270d194]" started-at="2023-06-21T13:02:31 EDT" name="Title" finished-at="2023-06-21T13:02:31 EDT" duration-ms="12" status="PASS">
          <reporter-output>
          </reporter-output>
        </test-method> <!-- Title -->
        <test-method is-config="true" signature="close()[pri:0, instance:testLayer.Logintest@3270d194]" started-at="2023-06-21T13:02:31 EDT" name="close" finished-at="2023-06-21T13:02:31 EDT" duration-ms="90" status="PASS">
          <reporter-output>
          </reporter-output>
        </test-method> <!-- close -->
        <test-method is-config="true" signature="initsetup()[pri:0, instance:testLayer.Logintest@3270d194]" started-at="2023-06-21T13:02:31 EDT" name="initsetup" finished-at="2023-06-21T13:02:36 EDT" duration-ms="4588" status="PASS">
          <reporter-output>
          </reporter-output>
        </test-method> <!-- initsetup -->
        <test-method signature="Login(java.lang.String,java.lang.String)[pri:2, instance:testLayer.Logintest@3270d194]" started-at="2023-06-21T13:02:36 EDT" name="Login" data-provider="Details" finished-at="2023-06-21T13:02:39 EDT" duration-ms="3101" status="PASS">
          <params>
            <param index="0">
              <value>
                <![CDATA[Admin]]>
              </value>
            </param>
            <param index="1">
              <value>
                <![CDATA[admin123]]>
              </value>
            </param>
          </params>
          <reporter-output>
          </reporter-output>
        </test-method> <!-- Login -->
        <test-method is-config="true" signature="close()[pri:0, instance:testLayer.Logintest@3270d194]" started-at="2023-06-21T13:02:39 EDT" name="close" finished-at="2023-06-21T13:02:39 EDT" duration-ms="94" status="PASS">
          <reporter-output>
          </reporter-output>
        </test-method> <!-- close -->
        <test-method is-config="true" signature="initsetup()[pri:0, instance:testLayer.Logintest@3270d194]" started-at="2023-06-21T13:02:39 EDT" name="initsetup" finished-at="2023-06-21T13:02:43 EDT" duration-ms="4471" status="PASS">
          <reporter-output>
          </reporter-output>
        </test-method> <!-- initsetup -->
        <test-method signature="Login(java.lang.String,java.lang.String)[pri:2, instance:testLayer.Logintest@3270d194]" started-at="2023-06-21T13:02:43 EDT" name="Login" data-provider="Details" finished-at="2023-06-21T13:02:47 EDT" duration-ms="3080" status="PASS">
          <params>
            <param index="0">
              <value>
                <![CDATA[Admin]]>
              </value>
            </param>
            <param index="1">
              <value>
                <![CDATA[abcd]]>
              </value>
            </param>
          </params>
          <reporter-output>
          </reporter-output>
        </test-method> <!-- Login -->
        <test-method is-config="true" signature="close()[pri:0, instance:testLayer.Logintest@3270d194]" started-at="2023-06-21T13:02:47 EDT" name="close" finished-at="2023-06-21T13:02:47 EDT" duration-ms="105" status="PASS">
          <reporter-output>
          </reporter-output>
        </test-method> <!-- close -->
        <test-method is-config="true" signature="initsetup()[pri:0, instance:testLayer.Logintest@3270d194]" started-at="2023-06-21T13:02:47 EDT" name="initsetup" finished-at="2023-06-21T13:02:51 EDT" duration-ms="4079" status="PASS">
          <reporter-output>
          </reporter-output>
        </test-method> <!-- initsetup -->
        <test-method signature="Login(java.lang.String,java.lang.String)[pri:2, instance:testLayer.Logintest@3270d194]" started-at="2023-06-21T13:02:51 EDT" name="Login" data-provider="Details" finished-at="2023-06-21T13:02:54 EDT" duration-ms="3098" status="PASS">
          <params>
            <param index="0">
              <value>
                <![CDATA[scott]]>
              </value>
            </param>
            <param index="1">
              <value>
                <![CDATA[xyz]]>
              </value>
            </param>
          </params>
          <reporter-output>
          </reporter-output>
        </test-method> <!-- Login -->
        <test-method is-config="true" signature="close()[pri:0, instance:testLayer.Logintest@3270d194]" started-at="2023-06-21T13:02:54 EDT" name="close" finished-at="2023-06-21T13:02:54 EDT" duration-ms="93" status="PASS">
          <reporter-output>
          </reporter-output>
        </test-method> <!-- close -->
      </class> <!-- testLayer.Logintest -->
    </test> <!-- Default test -->
  </suite> <!-- Default suite -->
</testng-results>
